<?xml version="1.0" encoding="UTF-8"?>
<testsuite xmlns:xsi="http://www.w3.org/2001/XMLSchema-instance" xsi:noNamespaceSchemaLocation="https://maven.apache.org/surefire/maven-failsafe-plugin/xsd/failsafe-test-report-3.0.xsd" version="3.0" name="LoginUser" time="0.195" tests="1" errors="0" skipped="0" failures="0">
  <properties>
[...]
</properties>
  <testcase name="POST - As an Admin I have be able to login" classname="LoginUser" time="0.195">
    <system-out><![CDATA[

6
 Scenarios (
&amp#27;[32m6 passed&amp#27;[0m
)


24
 Steps (
&amp#27;[32m24 passed&amp#27;[0m
)


0m
11.524s






19:05:03.442 [pool-2-thread-1] DEBUG net.thucydides.core.reports.ReportService - Reporting formats: [JSON, HTML]

19:05:03.587 [pool-2-thread-1] DEBUG net.thucydides.core.reports.ReportService - Reporting formats: [JSON, HTML]

19:05:03.629 [pool-2-thread-1] DEBUG net.thucydides.core.reports.ReportService - Generating reports for 6 test outcomes using: net.thucydides.core.reports.json.JSONTestOutcomeReporter@93a0f24

19:05:03.630 [pool-2-thread-1] DEBUG net.thucydides.core.reports.ReportService - Processing test outcome CreateCategory:POST - As an Admin I have be able to add new category for product

19:05:03.630 [pool-2-thread-1] INFO net.thucydides.core.reports.ReportService - net.thucydides.core.reports.json.JSONTestOutcomeReporter@93a0f24: Generating report for test outcome: CreateCategory:POST - As an Admin I have be able to add new category for product

19:05:03.637 [pool-2-thread-2] DEBUG net.thucydides.core.reports.ReportService - Processing test outcome CreateProduct:POST - As an Admin I have be able to add new product

19:05:03.638 [pool-2-thread-2] INFO net.thucydides.core.reports.ReportService - net.thucydides.core.reports.json.JSONTestOutcomeReporter@93a0f24: Generating report for test outcome: CreateProduct:POST - As an Admin I have be able to add new product

19:05:03.639 [pool-2-thread-4] DEBUG net.thucydides.core.reports.ReportService - Processing test outcome GetAllProduct:GET - As an Admin I have be able to get all data product

19:05:03.640 [pool-2-thread-4] INFO net.thucydides.core.reports.ReportService - net.thucydides.core.reports.json.JSONTestOutcomeReporter@93a0f24: Generating report for test outcome: GetAllProduct:GET - As an Admin I have be able to get all data product

19:05:03.640 [pool-2-thread-3] DEBUG net.thucydides.core.reports.ReportService - Processing test outcome GetAllCategory:GET - As an Admin I have be able to get all data category

19:05:03.642 [pool-2-thread-3] INFO net.thucydides.core.reports.ReportService - net.thucydides.core.reports.json.JSONTestOutcomeReporter@93a0f24: Generating report for test outcome: GetAllCategory:GET - As an Admin I have be able to get all data category

19:05:03.665 [pool-2-thread-4] DEBUG net.thucydides.core.reports.json.JSONTestOutcomeReporter - Generating JSON report for GET - As an Admin I have be able to get all data product to file D:\REST API_Final Project KM Quality Engineer\target\site\serenity\139bba03c8c941213ef501aaa1f716a04d9796dd460dde6b79ea7ff49ea20d06.json (using temp file D:\REST API_Final Project KM Quality Engineer\target\site\serenity\139bba03c8c941213ef501aaa1f716a04d9796dd460dde6b79ea7ff49ea20d06.jsond79c1444-d1fc-47fb-84fd-1936d46f29a9)

19:05:03.665 [pool-2-thread-3] DEBUG net.thucydides.core.reports.json.JSONTestOutcomeReporter - Generating JSON report for GET - As an Admin I have be able to get all data category to file D:\REST API_Final Project KM Quality Engineer\target\site\serenity\489c2d54d695d9bc3879564b763da1f70055662010f4e3fcc6768bb1c04d6f5d.json (using temp file D:\REST API_Final Project KM Quality Engineer\target\site\serenity\489c2d54d695d9bc3879564b763da1f70055662010f4e3fcc6768bb1c04d6f5d.json0b4cd573-9ec6-4586-a4dc-7e5fb5429bfc)

19:05:03.666 [pool-2-thread-2] DEBUG net.thucydides.core.reports.json.JSONTestOutcomeReporter - Generating JSON report for POST - As an Admin I have be able to add new product to file D:\REST API_Final Project KM Quality Engineer\target\site\serenity\518e3cbef4429241a59683061ca59781c590c27e022ef6a0e5ed03a89b69507c.json (using temp file D:\REST API_Final Project KM Quality Engineer\target\site\serenity\518e3cbef4429241a59683061ca59781c590c27e022ef6a0e5ed03a89b69507c.jsoneb88898f-2cee-4da4-a687-29b08f8d3694)

19:05:03.666 [pool-2-thread-1] DEBUG net.thucydides.core.reports.json.JSONTestOutcomeReporter - Generating JSON report for POST - As an Admin I have be able to add new category for product to file D:\REST API_Final Project KM Quality Engineer\target\site\serenity\d036c908a3948f2fabad1e2063a56fed6b1169a12d3d803df4132a51f2c72bad.json (using temp file D:\REST API_Final Project KM Quality Engineer\target\site\serenity\d036c908a3948f2fabad1e2063a56fed6b1169a12d3d803df4132a51f2c72bad.json517230d9-7681-407f-bc7a-078f3c9c7875)

19:05:03.815 [pool-2-thread-2] DEBUG net.thucydides.core.reports.ReportService - Processing test outcome CreateProduct:POST - As an Admin I have be able to add new product done

19:05:03.816 [pool-2-thread-4] DEBUG net.thucydides.core.reports.ReportService - Processing test outcome GetAllProduct:GET - As an Admin I have be able to get all data product done

19:05:03.816 [pool-2-thread-2] DEBUG net.thucydides.core.reports.ReportService - Processing test outcome GetDetailsProduct:GET - As an Admin I have be able to get data details product

19:05:03.816 [pool-2-thread-4] DEBUG net.thucydides.core.reports.ReportService - Processing test outcome LoginUser:POST - As an Admin I have be able to login

19:05:03.816 [pool-2-thread-2] INFO net.thucydides.core.reports.ReportService - net.thucydides.core.reports.json.JSONTestOutcomeReporter@93a0f24: Generating report for test outcome: GetDetailsProduct:GET - As an Admin I have be able to get data details product

19:05:03.816 [pool-2-thread-4] INFO net.thucydides.core.reports.ReportService - net.thucydides.core.reports.json.JSONTestOutcomeReporter@93a0f24: Generating report for test outcome: LoginUser:POST - As an Admin I have be able to login

19:05:03.816 [pool-2-thread-1] DEBUG net.thucydides.core.reports.ReportService - Processing test outcome CreateCategory:POST - As an Admin I have be able to add new category for product done

19:05:03.817 [pool-2-thread-3] DEBUG net.thucydides.core.reports.ReportService - Processing test outcome GetAllCategory:GET - As an Admin I have be able to get all data category done

19:05:03.818 [pool-2-thread-2] DEBUG net.thucydides.core.reports.json.JSONTestOutcomeReporter - Generating JSON report for GET - As an Admin I have be able to get data details product to file D:\REST API_Final Project KM Quality Engineer\target\site\serenity\f762fb7b1626c2a3ecd1efc2b2de3672b7fb3923a7946c51796accd42b6d5354.json (using temp file D:\REST API_Final Project KM Quality Engineer\target\site\serenity\f762fb7b1626c2a3ecd1efc2b2de3672b7fb3923a7946c51796accd42b6d5354.json67b9fbe0-a542-45d8-8752-b93b10373933)

19:05:03.820 [pool-2-thread-4] DEBUG net.thucydides.core.reports.json.JSONTestOutcomeReporter - Generating JSON report for POST - As an Admin I have be able to login to file D:\REST API_Final Project KM Quality Engineer\target\site\serenity\69b71c7f69807826793564e07b84d21737c8d9e5de7b0ae645435df97e2d85b0.json (using temp file D:\REST API_Final Project KM Quality Engineer\target\site\serenity\69b71c7f69807826793564e07b84d21737c8d9e5de7b0ae645435df97e2d85b0.json8f0fa0ad-a5b1-4c9a-929c-312ffdbf3dab)

19:05:03.827 [pool-2-thread-2] DEBUG net.thucydides.core.reports.ReportService - Processing test outcome GetDetailsProduct:GET - As an Admin I have be able to get data details product done

19:05:03.829 [pool-2-thread-4] DEBUG net.thucydides.core.reports.ReportService - Processing test outcome LoginUser:POST - As an Admin I have be able to login done

19:05:03.829 [pool-2-thread-1] DEBUG net.thucydides.core.reports.ReportService - Shutting down executor service

19:05:03.830 [pool-2-thread-1] DEBUG net.thucydides.core.reports.ReportService - Reports generated in: 201 ms

19:05:03.830 [pool-2-thread-1] DEBUG net.thucydides.core.reports.ReportService - Generating reports for 6 test outcomes using: net.thucydides.core.reports.html.HtmlAcceptanceTestReporter@5804ee9b

19:05:03.832 [pool-3-thread-2] DEBUG net.thucydides.core.reports.ReportService - Processing test outcome CreateProduct:POST - As an Admin I have be able to add new product

19:05:03.832 [pool-3-thread-2] INFO net.thucydides.core.reports.ReportService - net.thucydides.core.reports.html.HtmlAcceptanceTestReporter@5804ee9b: Generating report for test outcome: CreateProduct:POST - As an Admin I have be able to add new product

19:05:03.832 [pool-3-thread-4] DEBUG net.thucydides.core.reports.ReportService - Processing test outcome GetAllProduct:GET - As an Admin I have be able to get all data product

19:05:03.833 [pool-3-thread-4] INFO net.thucydides.core.reports.ReportService - net.thucydides.core.reports.html.HtmlAcceptanceTestReporter@5804ee9b: Generating report for test outcome: GetAllProduct:GET - As an Admin I have be able to get all data product

19:05:03.832 [pool-3-thread-3] DEBUG net.thucydides.core.reports.ReportService - Processing test outcome GetAllCategory:GET - As an Admin I have be able to get all data category

19:05:03.834 [pool-3-thread-3] INFO net.thucydides.core.reports.ReportService - net.thucydides.core.reports.html.HtmlAcceptanceTestReporter@5804ee9b: Generating report for test outcome: GetAllCategory:GET - As an Admin I have be able to get all data category

19:05:03.833 [pool-3-thread-1] DEBUG net.thucydides.core.reports.ReportService - Processing test outcome CreateCategory:POST - As an Admin I have be able to add new category for product

19:05:03.835 [pool-3-thread-1] INFO net.thucydides.core.reports.ReportService - net.thucydides.core.reports.html.HtmlAcceptanceTestReporter@5804ee9b: Generating report for test outcome: CreateCategory:POST - As an Admin I have be able to add new category for product

19:05:04.077 [pool-3-thread-1] DEBUG net.thucydides.core.requirements.model.cucumber.CucumberParser - Added feature CreateCategory

19:05:04.084 [pool-3-thread-1] DEBUG net.thucydides.core.requirements.model.cucumber.CucumberParser - Added feature CreateProduct

19:05:04.092 [pool-3-thread-2] DEBUG net.thucydides.core.requirements.model.cucumber.CucumberParser - Added feature CreateCategory

19:05:04.098 [pool-3-thread-4] DEBUG net.thucydides.core.requirements.model.cucumber.CucumberParser - Added feature CreateCategory

19:05:04.099 [pool-3-thread-1] DEBUG net.thucydides.core.requirements.model.cucumber.CucumberParser - Added feature GetAllCategory

19:05:04.105 [pool-3-thread-2] DEBUG net.thucydides.core.requirements.model.cucumber.CucumberParser - Added feature CreateProduct

19:05:04.108 [pool-3-thread-1] DEBUG net.thucydides.core.requirements.model.cucumber.CucumberParser - Added feature GetAllProduct

19:05:04.114 [pool-3-thread-3] DEBUG net.thucydides.core.requirements.model.cucumber.CucumberParser - Added feature CreateCategory

19:05:04.122 [pool-3-thread-3] DEBUG net.thucydides.core.requirements.model.cucumber.CucumberParser - Added feature CreateProduct

19:05:04.125 [pool-3-thread-2] DEBUG net.thucydides.core.requirements.model.cucumber.CucumberParser - Added feature GetAllCategory

19:05:04.130 [pool-3-thread-3] DEBUG net.thucydides.core.requirements.model.cucumber.CucumberParser - Added feature GetAllCategory

19:05:04.135 [pool-3-thread-1] DEBUG net.thucydides.core.requirements.model.cucumber.CucumberParser - Added feature GetDetailsProduct

19:05:04.145 [pool-3-thread-1] DEBUG net.thucydides.core.requirements.model.cucumber.CucumberParser - Added feature LoginUser

19:05:04.157 [pool-3-thread-4] DEBUG net.thucydides.core.requirements.model.cucumber.CucumberParser - Added feature CreateProduct

19:05:04.160 [pool-3-thread-2] DEBUG net.thucydides.core.requirements.model.cucumber.CucumberParser - Added feature GetAllProduct

19:05:04.163 [pool-3-thread-4] DEBUG net.thucydides.core.requirements.model.cucumber.CucumberParser - Added feature GetAllCategory

19:05:04.164 [pool-3-thread-2] DEBUG net.thucydides.core.requirements.model.cucumber.CucumberParser - Added feature GetDetailsProduct

19:05:04.166 [pool-3-thread-3] DEBUG net.thucydides.core.requirements.model.cucumber.CucumberParser - Added feature GetAllProduct

19:05:04.170 [pool-3-thread-2] DEBUG net.thucydides.core.requirements.model.cucumber.CucumberParser - Added feature LoginUser

19:05:04.175 [pool-3-thread-3] DEBUG net.thucydides.core.requirements.model.cucumber.CucumberParser - Added feature GetDetailsProduct

19:05:04.180 [pool-3-thread-3] DEBUG net.thucydides.core.requirements.model.cucumber.CucumberParser - Added feature LoginUser

19:05:04.181 [pool-3-thread-4] DEBUG net.thucydides.core.requirements.model.cucumber.CucumberParser - Added feature GetAllProduct

19:05:04.190 [pool-3-thread-4] DEBUG net.thucydides.core.requirements.model.cucumber.CucumberParser - Added feature GetDetailsProduct

19:05:04.193 [pool-3-thread-1] DEBUG net.thucydides.core.requirements.BaseRequirementsService - Requirement found for test outcome POST - As an Admin I have be able to add new category for product-[]: Optional[Requirement{name='CreateCategory', type='feature' parent = 'null', cardNumber='null'}]

19:05:04.194 [pool-3-thread-3] DEBUG net.thucydides.core.requirements.BaseRequirementsService - Requirement found for test outcome GET - As an Admin I have be able to get all data category-[]: Optional[Requirement{name='GetAllCategory', type='feature' parent = 'null', cardNumber='null'}]

19:05:04.194 [pool-3-thread-2] DEBUG net.thucydides.core.requirements.BaseRequirementsService - Requirement found for test outcome POST - As an Admin I have be able to add new product-[]: Optional[Requirement{name='CreateProduct', type='feature' parent = 'null', cardNumber='null'}]

19:05:04.198 [pool-3-thread-4] DEBUG net.thucydides.core.requirements.model.cucumber.CucumberParser - Added feature LoginUser

19:05:04.199 [pool-3-thread-1] DEBUG net.thucydides.core.requirements.BaseRequirementsService - Requirement found for test outcome POST - As an Admin I have be able to add new category for product-[]: Optional[Requirement{name='CreateCategory', type='feature' parent = 'null', cardNumber='null'}]

19:05:04.199 [pool-3-thread-2] DEBUG net.thucydides.core.requirements.BaseRequirementsService - Requirement found for test outcome POST - As an Admin I have be able to add new product-[]: Optional[Requirement{name='CreateProduct', type='feature' parent = 'null', cardNumber='null'}]

19:05:04.200 [pool-3-thread-3] DEBUG net.thucydides.core.requirements.BaseRequirementsService - Requirement found for test outcome GET - As an Admin I have be able to get all data category-[]: Optional[Requirement{name='GetAllCategory', type='feature' parent = 'null', cardNumber='null'}]

19:05:04.203 [pool-3-thread-4] DEBUG net.thucydides.core.requirements.BaseRequirementsService - Requirement found for test outcome GET - As an Admin I have be able to get all data product-[]: Optional[Requirement{name='GetAllProduct', type='feature' parent = 'null', cardNumber='null'}]

19:05:04.204 [pool-3-thread-4] DEBUG net.thucydides.core.requirements.BaseRequirementsService - Requirement found for test outcome GET - As an Admin I have be able to get all data product-[]: Optional[Requirement{name='GetAllProduct', type='feature' parent = 'null', cardNumber='null'}]

19:05:05.509 [pool-3-thread-1] DEBUG serenity.reporting - Generating report in d036c908a3948f2fabad1e2063a56fed6b1169a12d3d803df4132a51f2c72bad.html

19:05:05.509 [pool-3-thread-4] DEBUG serenity.reporting - Generating report in 139bba03c8c941213ef501aaa1f716a04d9796dd460dde6b79ea7ff49ea20d06.html

19:05:05.509 [pool-3-thread-2] DEBUG serenity.reporting - Generating report in 518e3cbef4429241a59683061ca59781c590c27e022ef6a0e5ed03a89b69507c.html

19:05:05.509 [pool-3-thread-3] DEBUG serenity.reporting - Generating report in 489c2d54d695d9bc3879564b763da1f70055662010f4e3fcc6768bb1c04d6f5d.html

19:05:06.490 [pool-3-thread-1] DEBUG serenity.reporting - Generated report d036c908a3948f2fabad1e2063a56fed6b1169a12d3d803df4132a51f2c72bad.html in 981 ms

19:05:06.490 [pool-3-thread-1] DEBUG net.thucydides.core.reports.ReportService - Processing test outcome CreateCategory:POST - As an Admin I have be able to add new category for product done

19:05:06.490 [pool-3-thread-1] DEBUG net.thucydides.core.reports.ReportService - Processing test outcome GetDetailsProduct:GET - As an Admin I have be able to get data details product

19:05:06.490 [pool-3-thread-1] INFO net.thucydides.core.reports.ReportService - net.thucydides.core.reports.html.HtmlAcceptanceTestReporter@5804ee9b: Generating report for test outcome: GetDetailsProduct:GET - As an Admin I have be able to get data details product

19:05:06.492 [pool-3-thread-1] DEBUG net.thucydides.core.requirements.BaseRequirementsService - Requirement found for test outcome GET - As an Admin I have be able to get data details product-[]: Optional[Requirement{name='GetDetailsProduct', type='feature' parent = 'null', cardNumber='null'}]

19:05:06.494 [pool-3-thread-1] DEBUG net.thucydides.core.requirements.BaseRequirementsService - Requirement found for test outcome GET - As an Admin I have be able to get data details product-[]: Optional[Requirement{name='GetDetailsProduct', type='feature' parent = 'null', cardNumber='null'}]

19:05:06.496 [pool-3-thread-1] DEBUG serenity.reporting - Generating report in f762fb7b1626c2a3ecd1efc2b2de3672b7fb3923a7946c51796accd42b6d5354.html

19:05:06.552 [pool-3-thread-2] DEBUG serenity.reporting - Generated report 518e3cbef4429241a59683061ca59781c590c27e022ef6a0e5ed03a89b69507c.html in 1043 ms

19:05:06.552 [pool-3-thread-4] DEBUG serenity.reporting - Generated report 139bba03c8c941213ef501aaa1f716a04d9796dd460dde6b79ea7ff49ea20d06.html in 1042 ms

19:05:06.552 [pool-3-thread-2] DEBUG net.thucydides.core.reports.ReportService - Processing test outcome CreateProduct:POST - As an Admin I have be able to add new product done

19:05:06.552 [pool-3-thread-2] DEBUG net.thucydides.core.reports.ReportService - Processing test outcome LoginUser:POST - As an Admin I have be able to login

19:05:06.552 [pool-3-thread-2] INFO net.thucydides.core.reports.ReportService - net.thucydides.core.reports.html.HtmlAcceptanceTestReporter@5804ee9b: Generating report for test outcome: LoginUser:POST - As an Admin I have be able to login

19:05:06.552 [pool-3-thread-4] DEBUG net.thucydides.core.reports.ReportService - Processing test outcome GetAllProduct:GET - As an Admin I have be able to get all data product done

19:05:06.555 [pool-3-thread-2] DEBUG net.thucydides.core.requirements.BaseRequirementsService - Requirement found for test outcome POST - As an Admin I have be able to login-[]: Optional[Requirement{name='LoginUser', type='feature' parent = 'null', cardNumber='null'}]

19:05:06.557 [pool-3-thread-2] DEBUG net.thucydides.core.requirements.BaseRequirementsService - Requirement found for test outcome POST - As an Admin I have be able to login-[]: Optional[Requirement{name='LoginUser', type='feature' parent = 'null', cardNumber='null'}]

19:05:06.558 [pool-3-thread-2] DEBUG serenity.reporting - Generating report in 69b71c7f69807826793564e07b84d21737c8d9e5de7b0ae645435df97e2d85b0.html

19:05:06.559 [pool-3-thread-3] DEBUG serenity.reporting - Generated report 489c2d54d695d9bc3879564b763da1f70055662010f4e3fcc6768bb1c04d6f5d.html in 1050 ms

19:05:06.559 [pool-3-thread-3] DEBUG net.thucydides.core.reports.ReportService - Processing test outcome GetAllCategory:GET - As an Admin I have be able to get all data category done

19:05:06.559 [pool-3-thread-1] DEBUG serenity.reporting - Generated report f762fb7b1626c2a3ecd1efc2b2de3672b7fb3923a7946c51796accd42b6d5354.html in 63 ms

19:05:06.559 [pool-3-thread-1] DEBUG net.thucydides.core.reports.ReportService - Processing test outcome GetDetailsProduct:GET - As an Admin I have be able to get data details product done

19:05:06.578 [pool-3-thread-2] DEBUG serenity.reporting - Generated report 69b71c7f69807826793564e07b84d21737c8d9e5de7b0ae645435df97e2d85b0.html in 20 ms

19:05:06.578 [pool-3-thread-2] DEBUG net.thucydides.core.reports.ReportService - Processing test outcome LoginUser:POST - As an Admin I have be able to login done

19:05:06.578 [pool-2-thread-1] DEBUG net.thucydides.core.reports.ReportService - Shutting down executor service

19:05:06.578 [pool-2-thread-1] DEBUG net.thucydides.core.reports.ReportService - Reports generated in: 2748 ms

19:05:06.854 [pool-2-thread-1] INFO io.cucumber.core.plugin.SerenityReporter - Cleanup test resources for URI classpath:features/CreateCategory.feature

19:05:06.856 [pool-2-thread-1] INFO io.cucumber.core.plugin.SerenityReporter - Cleanup test resources for URI classpath:features/CreateProduct.feature

19:05:06.858 [pool-2-thread-1] INFO io.cucumber.core.plugin.SerenityReporter - Cleanup test resources for URI classpath:features/GetAllCategory.feature

19:05:06.859 [pool-2-thread-1] INFO io.cucumber.core.plugin.SerenityReporter - Cleanup test resources for URI classpath:features/GetAllProduct.feature

19:05:06.862 [pool-2-thread-1] INFO io.cucumber.core.plugin.SerenityReporter - Cleanup test resources for URI classpath:features/GetDetailsProduct.feature

19:05:06.864 [pool-2-thread-1] INFO io.cucumber.core.plugin.SerenityReporter - Cleanup test resources for URI classpath:features/LoginUser.feature


Scenario: POST - As an Admin I have be able to login         &amp#27;[90m# features/LoginUser.feature:6&amp#27;[0m
19:05:03.252 [pool-2-thread-1] INFO io.cucumber.core.plugin.SerenityReporter - Running feature from classpath:features/LoginUser.feature
19:05:03.257 [pool-2-thread-1] INFO  - 
  _____   ___   ___   _____     ___   _____     _     ___   _____   ___   ___  
 |_   _| | __| / __| |_   _|   / __| |_   _|   /_\   | _ \ |_   _| | __| |   \ 
   | |   | _|  \__ \   | |     \__ \   | |    / _ \  |   /   | |   | _|  | |) |
   |_|   |___| |___/   |_|     |___/   |_|   /_/ \_\ |_|_\   |_|   |___| |___/ 

POST - As an Admin I have be able to login(loginuser;post---as-an-admin-i-have-be-able-to-login)
--------------------------------------------------------------------------------
19:05:03.282 [pool-2-thread-1] DEBUG net.thucydides.core.steps.StepInterceptor - STARTING STEP: LoginUserSteps.setMethodPost - I set method POST at api endpoints for login user
19:05:03.282 [pool-2-thread-1] DEBUG net.thucydides.core.steps.StepInterceptor - STEP DONE: I set method POST at api endpoints for login user
  &amp#27;[32mGiven &amp#27;[0m&amp#27;[32mI set method POST at api endpoints for login user&amp#27;[0m    &amp#27;[90m# starter.stepdefinitions.LoginUserSteps.setMethodPost()&amp#27;[0m
19:05:03.288 [pool-2-thread-1] DEBUG net.thucydides.core.steps.StepInterceptor - STARTING STEP: LoginUserSteps.sendMethodPost - I send method POST HTTP request for login user
19:05:03.291 [pool-2-thread-1] DEBUG net.thucydides.core.steps.StepInterceptor - STARTING STEP: Login.sendMethodPost - I set method POST at api endpoints for login user
19:05:03.291 [pool-2-thread-1] DEBUG net.thucydides.core.steps.StepInterceptor - STEP DONE: I set method POST at api endpoints for login user
19:05:03.402 [pool-2-thread-1] DEBUG net.thucydides.core.steps.StepInterceptor - STEP DONE: I send method POST HTTP request for login user
  &amp#27;[32mWhen &amp#27;[0m&amp#27;[32mI send method POST HTTP request for login user&amp#27;[0m        &amp#27;[90m# starter.stepdefinitions.LoginUserSteps.sendMethodPost()&amp#27;[0m
19:05:03.405 [pool-2-thread-1] DEBUG net.thucydides.core.steps.StepInterceptor - STARTING STEP: LoginUserSteps.receiveHTTPResponse - I receive valid HTTP response code 200 for login user
19:05:03.407 [pool-2-thread-1] DEBUG net.thucydides.core.steps.StepInterceptor - STEP DONE: I receive valid HTTP response code 200 for login user
  &amp#27;[32mThen &amp#27;[0m&amp#27;[32mI receive valid HTTP response code 200 for login user&amp#27;[0m &amp#27;[90m# starter.stepdefinitions.LoginUserSteps.receiveHTTPResponse()&amp#27;[0m
19:05:03.411 [pool-2-thread-1] DEBUG net.thucydides.core.steps.StepInterceptor - STARTING STEP: LoginUserSteps.receiveValidMessage - I receive valid message login user succesfully
19:05:03.431 [pool-2-thread-1] DEBUG net.thucydides.core.steps.StepInterceptor - STEP DONE: I receive valid message login user succesfully
  &amp#27;[32mAnd &amp#27;[0m&amp#27;[32mI receive valid message login user succesfully&amp#27;[0m         &amp#27;[90m# starter.stepdefinitions.LoginUserSteps.receiveValidMessage()&amp#27;[0m
19:05:03.434 [pool-2-thread-1] INFO  - 
  _____   ___   ___   _____     ___     _     ___   ___   ___   ___  
 |_   _| | __| / __| |_   _|   | _ \   /_\   / __| / __| | __| |   \ 
   | |   | _|  \__ \   | |     |  _/  / _ \  \__ \ \__ \ | _|  | |) |
   |_|   |___| |___/   |_|     |_|   /_/ \_\ |___/ |___/ |___| |___/ 

POST - As an Admin I have be able to login
----------------------------------------------------------------------
]]></system-out>
  </testcase>
</testsuite>